  Source.cpp
c:\users\kyim\desktop\c++\joe functions ex3\joe functions ex3\source.cpp(1): warning C4067: unexpected tokens following preprocessor directive - expected a newline
c:\users\kyim\desktop\c++\joe functions ex3\joe functions ex3\source.cpp(2): warning C4067: unexpected tokens following preprocessor directive - expected a newline
c:\users\kyim\desktop\c++\joe functions ex3\joe functions ex3\source.cpp(4): error C2143: syntax error: missing ';' before '<class-head>'
c:\users\kyim\desktop\c++\joe functions ex3\joe functions ex3\source.cpp(5): error C4430: missing type specifier - int assumed. Note: C++ does not support default-int
c:\users\kyim\desktop\c++\joe functions ex3\joe functions ex3\source.cpp(7): error C2144: syntax error: 'int' should be preceded by ';'
c:\users\kyim\desktop\c++\joe functions ex3\joe functions ex3\source.cpp(7): error C4430: missing type specifier - int assumed. Note: C++ does not support default-int
c:\users\kyim\desktop\c++\joe functions ex3\joe functions ex3\source.cpp(8): error C2143: syntax error: missing ';' before 'std::string'
c:\users\kyim\desktop\c++\joe functions ex3\joe functions ex3\source.cpp(8): error C4430: missing type specifier - int assumed. Note: C++ does not support default-int
c:\users\kyim\desktop\c++\joe functions ex3\joe functions ex3\source.cpp(9): error C2144: syntax error: 'int' should be preceded by ';'
c:\users\kyim\desktop\c++\joe functions ex3\joe functions ex3\source.cpp(9): error C4430: missing type specifier - int assumed. Note: C++ does not support default-int
c:\users\kyim\desktop\c++\joe functions ex3\joe functions ex3\source.cpp(11): error C3646: '​': unknown override specifier
c:\users\kyim\desktop\c++\joe functions ex3\joe functions ex3\source.cpp(11): error C3646: 'UserData': unknown override specifier
c:\users\kyim\desktop\c++\joe functions ex3\joe functions ex3\source.cpp(11): error C2059: syntax error: '('
c:\users\kyim\desktop\c++\joe functions ex3\joe functions ex3\source.cpp(12): error C2334: unexpected token(s) preceding '{'; skipping apparent function body
c:\users\kyim\desktop\c++\joe functions ex3\joe functions ex3\source.cpp(17): error C2143: syntax error: missing ';' before '}'
c:\users\kyim\desktop\c++\joe functions ex3\joe functions ex3\source.cpp(17): error C4430: missing type specifier - int assumed. Note: C++ does not support default-int
c:\users\kyim\desktop\c++\joe functions ex3\joe functions ex3\source.cpp(19): error C4430: missing type specifier - int assumed. Note: C++ does not support default-int
c:\users\kyim\desktop\c++\joe functions ex3\joe functions ex3\source.cpp(19): error C2086: 'int ​': redefinition
  c:\users\kyim\desktop\c++\joe functions ex3\joe functions ex3\source.cpp(3): note: see declaration of '​'
c:\users\kyim\desktop\c++\joe functions ex3\joe functions ex3\source.cpp(19): error C2146: syntax error: missing ';' before identifier '​'
c:\users\kyim\desktop\c++\joe functions ex3\joe functions ex3\source.cpp(19): error C2653: 'UserData': is not a class or namespace name
c:\users\kyim\desktop\c++\joe functions ex3\joe functions ex3\source.cpp(21): error C4430: missing type specifier - int assumed. Note: C++ does not support default-int
c:\users\kyim\desktop\c++\joe functions ex3\joe functions ex3\source.cpp(21): error C2086: 'int ​': redefinition
  c:\users\kyim\desktop\c++\joe functions ex3\joe functions ex3\source.cpp(3): note: see declaration of '​'
c:\users\kyim\desktop\c++\joe functions ex3\joe functions ex3\source.cpp(21): error C2146: syntax error: missing ';' before identifier '​'
c:\users\kyim\desktop\c++\joe functions ex3\joe functions ex3\source.cpp(22): error C2143: syntax error: missing ';' before '{'
c:\users\kyim\desktop\c++\joe functions ex3\joe functions ex3\source.cpp(22): error C2447: '{': missing function header (old-style formal list?)
c:\users\kyim\desktop\c++\joe functions ex3\joe functions ex3\source.cpp(28): error C4430: missing type specifier - int assumed. Note: C++ does not support default-int
c:\users\kyim\desktop\c++\joe functions ex3\joe functions ex3\source.cpp(28): error C2086: 'int ​': redefinition
  c:\users\kyim\desktop\c++\joe functions ex3\joe functions ex3\source.cpp(3): note: see declaration of '​'
c:\users\kyim\desktop\c++\joe functions ex3\joe functions ex3\source.cpp(28): error C2146: syntax error: missing ';' before identifier '​'
c:\users\kyim\desktop\c++\joe functions ex3\joe functions ex3\source.cpp(29): error C2143: syntax error: missing ';' before '{'
c:\users\kyim\desktop\c++\joe functions ex3\joe functions ex3\source.cpp(29): error C2447: '{': missing function header (old-style formal list?)
c:\users\kyim\desktop\c++\joe functions ex3\joe functions ex3\source.cpp(41): fatal error C1004: unexpected end-of-file found
